<?xml version="1.0" encoding="UTF-8"?>
<!-- Generated by org.testng.reporters.JUnitReportReporter -->
<testsuite hostname="LAPTOP-ESCMDUNK" failures="0" tests="1" name="com.yapo.test.testexample" time="43.315" errors="0" timestamp="30 jun. 2020 01:39:36 GMT" skipped="0">
  <testcase classname="com.yapo.test.testexample" name="ExtractorSVNexcel" time="43.315"/>
</testsuite> <!-- com.yapo.test.testexample -->
