<?xml version="1.0" encoding="UTF-8"?>
<!-- Generated by org.testng.reporters.JUnitReportReporter -->
<testsuite hostname="LAPTOP-ESCMDUNK" failures="0" tests="1" name="com.yapo.test.PublicarVenta" time="23.631" errors="0" timestamp="13 jul. 2020 22:35:46 GMT" skipped="0">
  <testcase classname="com.yapo.test.PublicarVenta" name="publicarVenta" time="23.631"/>
</testsuite> <!-- com.yapo.test.PublicarVenta -->
