<?xml version="1.0" encoding="UTF-8"?>
<!-- Generated by org.testng.reporters.JUnitReportReporter -->
<testsuite hostname="LAPTOP-ESCMDUNK" failures="0" tests="1" name="com.yapo.test.CrearCuenta" time="19.428" errors="0" timestamp="13 jul. 2020 22:32:35 GMT" skipped="0">
  <testcase classname="com.yapo.test.CrearCuenta" name="crearCuenta" time="19.428"/>
</testsuite> <!-- com.yapo.test.CrearCuenta -->
