<?xml version="1.0" encoding="UTF-8"?>
<!-- Generated by org.testng.reporters.JUnitReportReporter -->
<testsuite hostname="LAPTOP-ESCMDUNK" failures="0" tests="1" name="com.yapo.test.BusquedaCasa" time="36.072" errors="0" timestamp="13 jul. 2020 01:23:05 GMT" skipped="0">
  <testcase classname="com.yapo.test.BusquedaCasa" name="busquedaCasa" time="36.072"/>
</testsuite> <!-- com.yapo.test.BusquedaCasa -->
